{"uuid":"9af42d19-fc05-481e-a220-e1a4f66d4e6c","historyId":"6e8dcef03d90617409ce3550b9316453","fullName":"Test DataStructure  page: The user is able run code in tryEditor","labels":[{"name":"tag","value":"DataStructureTest"},{"name":"host","value":"suba-pc"},{"name":"thread","value":"27020@suba-pc.main(1)"},{"name":"feature","value":"Test DataStructure  page"},{"name":"story","value":"The user is able run code in tryEditor"},{"name":"suite","value":"Test DataStructure  page"},{"name":"testClass","value":"The user is able run code in tryEditor"},{"name":"framework","value":"cucumber4jvm"},{"name":"language","value":"java"},{"name":"gherkin_uri","value":"file:///C:/Users/subas/git/DS-Algo/Z_DS-Algo_BDD_change2/src/test/resources/Features/EDataStructurePage.feature"},{"name":"package","value":"src.test.resources.Features.EDataStructurePage_feature.Test DataStructure  page"}],"links":[],"name":"The user is able run code in tryEditor","status":"broken","statusDetails":{"known":false,"muted":false,"flaky":false,"message":"Expected condition failed: waiting for visibility of [[ChromeDriver: chrome on windows (afb8d2f9736853efa652b013484677fb)] -> xpath: //*[@id='answer_form']/div/div/div[1]/textarea] (tried for 5 second(s) with 500 milliseconds interval)\nBuild info: version: '4.9.1', revision: 'eb2032df7f'\nSystem info: os.name: 'Windows 11', os.arch: 'amd64', os.version: '10.0', java.version: '11.0.17'\nDriver info: org.openqa.selenium.chrome.ChromeDriver\nCapabilities {acceptInsecureCerts: false, browserName: chrome, browserVersion: 114.0.5735.199, chrome: {chromedriverVersion: 114.0.5735.90 (386bc09e8f4f..., userDataDir: C:\\Users\\subas\\AppData\\Loca...}, goog:chromeOptions: {debuggerAddress: localhost:51288}, networkConnectionEnabled: false, pageLoadStrategy: normal, platformName: windows, proxy: Proxy(), se:cdp: ws://localhost:51288/devtoo..., se:cdpVersion: 114.0.5735.199, setWindowRect: true, strictFileInteractability: false, timeouts: {implicit: 0, pageLoad: 300000, script: 30000}, unhandledPromptBehavior: dismiss and notify, webauthn:extension:credBlob: true, webauthn:extension:largeBlob: true, webauthn:extension:minPinLength: true, webauthn:extension:prf: true, webauthn:virtualAuthenticators: true}\nSession ID: afb8d2f9736853efa652b013484677fb","trace":"org.openqa.selenium.TimeoutException: Expected condition failed: waiting for visibility of [[ChromeDriver: chrome on windows (afb8d2f9736853efa652b013484677fb)] -> xpath: //*[@id='answer_form']/div/div/div[1]/textarea] (tried for 5 second(s) with 500 milliseconds interval)\nBuild info: version: '4.9.1', revision: 'eb2032df7f'\nSystem info: os.name: 'Windows 11', os.arch: 'amd64', os.version: '10.0', java.version: '11.0.17'\nDriver info: org.openqa.selenium.chrome.ChromeDriver\nCapabilities {acceptInsecureCerts: false, browserName: chrome, browserVersion: 114.0.5735.199, chrome: {chromedriverVersion: 114.0.5735.90 (386bc09e8f4f..., userDataDir: C:\\Users\\subas\\AppData\\Loca...}, goog:chromeOptions: {debuggerAddress: localhost:51288}, networkConnectionEnabled: false, pageLoadStrategy: normal, platformName: windows, proxy: Proxy(), se:cdp: ws://localhost:51288/devtoo..., se:cdpVersion: 114.0.5735.199, setWindowRect: true, strictFileInteractability: false, timeouts: {implicit: 0, pageLoad: 300000, script: 30000}, unhandledPromptBehavior: dismiss and notify, webauthn:extension:credBlob: true, webauthn:extension:largeBlob: true, webauthn:extension:minPinLength: true, webauthn:extension:prf: true, webauthn:virtualAuthenticators: true}\nSession ID: afb8d2f9736853efa652b013484677fb\r\n\tat org.openqa.selenium.support.ui.WebDriverWait.timeoutException(WebDriverWait.java:87)\r\n\tat org.openqa.selenium.support.ui.FluentWait.until(FluentWait.java:231)\r\n\tat dsAlgo_Utilities.PageUtils.implicit_wait(PageUtils.java:31)\r\n\tat dsAlgo_PageObject.EDataStructurePage.enter_code(EDataStructurePage.java:44)\r\n\tat dsAlgo_StepDefinition.EDataStructurePage_SD.the_user_enter_valid_python_ds_code_in_try_editor_from_sheet_and(EDataStructurePage_SD.java:58)\r\n\tat ✽.The user enter valid python DS code in tryEditor from sheet \"array\" and 0(file:///C:/Users/subas/git/DS-Algo/Z_DS-Algo_BDD_change2/src/test/resources/Features/EDataStructurePage.feature:14)\r\n"},"stage":"finished","steps":[{"name":"Given  The user is in a \"Time Complexity\" page having an tryEditor with a Run button to test for DS","status":"passed","statusDetails":{"known":false,"muted":false,"flaky":false},"stage":"finished","steps":[],"attachments":[],"parameters":[],"start":1688961965755,"stop":1688961971247},{"name":"When  The user enter valid python DS code in tryEditor from sheet \"array\" and 0","status":"broken","statusDetails":{"known":false,"muted":false,"flaky":false,"message":"Expected condition failed: waiting for visibility of [[ChromeDriver: chrome on windows (afb8d2f9736853efa652b013484677fb)] -> xpath: //*[@id='answer_form']/div/div/div[1]/textarea] (tried for 5 second(s) with 500 milliseconds interval)\nBuild info: version: '4.9.1', revision: 'eb2032df7f'\nSystem info: os.name: 'Windows 11', os.arch: 'amd64', os.version: '10.0', java.version: '11.0.17'\nDriver info: org.openqa.selenium.chrome.ChromeDriver\nCapabilities {acceptInsecureCerts: false, browserName: chrome, browserVersion: 114.0.5735.199, chrome: {chromedriverVersion: 114.0.5735.90 (386bc09e8f4f..., userDataDir: C:\\Users\\subas\\AppData\\Loca...}, goog:chromeOptions: {debuggerAddress: localhost:51288}, networkConnectionEnabled: false, pageLoadStrategy: normal, platformName: windows, proxy: Proxy(), se:cdp: ws://localhost:51288/devtoo..., se:cdpVersion: 114.0.5735.199, setWindowRect: true, strictFileInteractability: false, timeouts: {implicit: 0, pageLoad: 300000, script: 30000}, unhandledPromptBehavior: dismiss and notify, webauthn:extension:credBlob: true, webauthn:extension:largeBlob: true, webauthn:extension:minPinLength: true, webauthn:extension:prf: true, webauthn:virtualAuthenticators: true}\nSession ID: afb8d2f9736853efa652b013484677fb","trace":"org.openqa.selenium.TimeoutException: Expected condition failed: waiting for visibility of [[ChromeDriver: chrome on windows (afb8d2f9736853efa652b013484677fb)] -> xpath: //*[@id='answer_form']/div/div/div[1]/textarea] (tried for 5 second(s) with 500 milliseconds interval)\nBuild info: version: '4.9.1', revision: 'eb2032df7f'\nSystem info: os.name: 'Windows 11', os.arch: 'amd64', os.version: '10.0', java.version: '11.0.17'\nDriver info: org.openqa.selenium.chrome.ChromeDriver\nCapabilities {acceptInsecureCerts: false, browserName: chrome, browserVersion: 114.0.5735.199, chrome: {chromedriverVersion: 114.0.5735.90 (386bc09e8f4f..., userDataDir: C:\\Users\\subas\\AppData\\Loca...}, goog:chromeOptions: {debuggerAddress: localhost:51288}, networkConnectionEnabled: false, pageLoadStrategy: normal, platformName: windows, proxy: Proxy(), se:cdp: ws://localhost:51288/devtoo..., se:cdpVersion: 114.0.5735.199, setWindowRect: true, strictFileInteractability: false, timeouts: {implicit: 0, pageLoad: 300000, script: 30000}, unhandledPromptBehavior: dismiss and notify, webauthn:extension:credBlob: true, webauthn:extension:largeBlob: true, webauthn:extension:minPinLength: true, webauthn:extension:prf: true, webauthn:virtualAuthenticators: true}\nSession ID: afb8d2f9736853efa652b013484677fb\r\n\tat org.openqa.selenium.support.ui.WebDriverWait.timeoutException(WebDriverWait.java:87)\r\n\tat org.openqa.selenium.support.ui.FluentWait.until(FluentWait.java:231)\r\n\tat dsAlgo_Utilities.PageUtils.implicit_wait(PageUtils.java:31)\r\n\tat dsAlgo_PageObject.EDataStructurePage.enter_code(EDataStructurePage.java:44)\r\n\tat dsAlgo_StepDefinition.EDataStructurePage_SD.the_user_enter_valid_python_ds_code_in_try_editor_from_sheet_and(EDataStructurePage_SD.java:58)\r\n\tat ✽.The user enter valid python DS code in tryEditor from sheet \"array\" and 0(file:///C:/Users/subas/git/DS-Algo/Z_DS-Algo_BDD_change2/src/test/resources/Features/EDataStructurePage.feature:14)\r\n"},"stage":"finished","steps":[],"attachments":[],"parameters":[],"start":1688961971253,"stop":1688961977532},{"name":"And  The user clicks on run button for DS","status":"skipped","statusDetails":{"known":false,"muted":false,"flaky":false},"stage":"finished","steps":[],"attachments":[],"parameters":[],"start":1688961980772,"stop":1688961980777},{"name":"Then  The user should be presented with Run result for DS","status":"skipped","statusDetails":{"known":false,"muted":false,"flaky":false},"stage":"finished","steps":[],"attachments":[],"parameters":[],"start":1688961980784,"stop":1688961980792}],"attachments":[],"parameters":[{"name":"options","value":"Time Complexity"},{"name":"Sheetname","value":"array"},{"name":"RowNumber","value":"0"}],"start":1688961965753,"stop":1688961980807}