{"uuid":"a67aafab-4cbc-4f76-a791-96dcfbc8d55d","historyId":"bd739041757826eb34ee71b12b84eaa","fullName":"Test Stack Page: The user is able run code in tryEditor","labels":[{"name":"tag","value":"StackTest"},{"name":"host","value":"suba-pc"},{"name":"thread","value":"45724@suba-pc.main(1)"},{"name":"feature","value":"Test Stack Page"},{"name":"story","value":"The user is able run code in tryEditor"},{"name":"suite","value":"Test Stack Page"},{"name":"testClass","value":"The user is able run code in tryEditor"},{"name":"framework","value":"cucumber4jvm"},{"name":"language","value":"java"},{"name":"gherkin_uri","value":"file:///C:/Users/subas/git/DS-Algo/Z_DS-Algo_BDD_change2/src/test/resources/Features/HStackPage.feature"},{"name":"package","value":"src.test.resources.Features.HStackPage_feature.Test Stack Page"}],"links":[],"name":"The user is able run code in tryEditor","status":"broken","statusDetails":{"known":false,"muted":false,"flaky":false,"message":"Expected condition failed: waiting for visibility of [[ChromeDriver: chrome on windows (b7af453353eee29190c104a28f1166af)] -> xpath: //*[@id='answer_form']/div/div/div[1]/textarea] (tried for 5 second(s) with 500 milliseconds interval)\nBuild info: version: '4.9.1', revision: 'eb2032df7f'\nSystem info: os.name: 'Windows 11', os.arch: 'amd64', os.version: '10.0', java.version: '11.0.17'\nDriver info: org.openqa.selenium.chrome.ChromeDriver\nCapabilities {acceptInsecureCerts: false, browserName: chrome, browserVersion: 114.0.5735.199, chrome: {chromedriverVersion: 114.0.5735.90 (386bc09e8f4f..., userDataDir: C:\\Users\\subas\\AppData\\Loca...}, goog:chromeOptions: {debuggerAddress: localhost:61558}, networkConnectionEnabled: false, pageLoadStrategy: normal, platformName: windows, proxy: Proxy(), se:cdp: ws://localhost:61558/devtoo..., se:cdpVersion: 114.0.5735.199, setWindowRect: true, strictFileInteractability: false, timeouts: {implicit: 0, pageLoad: 300000, script: 30000}, unhandledPromptBehavior: dismiss and notify, webauthn:extension:credBlob: true, webauthn:extension:largeBlob: true, webauthn:extension:minPinLength: true, webauthn:extension:prf: true, webauthn:virtualAuthenticators: true}\nSession ID: b7af453353eee29190c104a28f1166af","trace":"org.openqa.selenium.TimeoutException: Expected condition failed: waiting for visibility of [[ChromeDriver: chrome on windows (b7af453353eee29190c104a28f1166af)] -> xpath: //*[@id='answer_form']/div/div/div[1]/textarea] (tried for 5 second(s) with 500 milliseconds interval)\nBuild info: version: '4.9.1', revision: 'eb2032df7f'\nSystem info: os.name: 'Windows 11', os.arch: 'amd64', os.version: '10.0', java.version: '11.0.17'\nDriver info: org.openqa.selenium.chrome.ChromeDriver\nCapabilities {acceptInsecureCerts: false, browserName: chrome, browserVersion: 114.0.5735.199, chrome: {chromedriverVersion: 114.0.5735.90 (386bc09e8f4f..., userDataDir: C:\\Users\\subas\\AppData\\Loca...}, goog:chromeOptions: {debuggerAddress: localhost:61558}, networkConnectionEnabled: false, pageLoadStrategy: normal, platformName: windows, proxy: Proxy(), se:cdp: ws://localhost:61558/devtoo..., se:cdpVersion: 114.0.5735.199, setWindowRect: true, strictFileInteractability: false, timeouts: {implicit: 0, pageLoad: 300000, script: 30000}, unhandledPromptBehavior: dismiss and notify, webauthn:extension:credBlob: true, webauthn:extension:largeBlob: true, webauthn:extension:minPinLength: true, webauthn:extension:prf: true, webauthn:virtualAuthenticators: true}\nSession ID: b7af453353eee29190c104a28f1166af\r\n\tat org.openqa.selenium.support.ui.WebDriverWait.timeoutException(WebDriverWait.java:87)\r\n\tat org.openqa.selenium.support.ui.FluentWait.until(FluentWait.java:231)\r\n\tat dsAlgo_Utilities.PageUtils.implicit_wait(PageUtils.java:31)\r\n\tat dsAlgo_Utilities.PageUtils.entercode(PageUtils.java:43)\r\n\tat dsAlgo_PageObject.HStackPage.enter_code(HStackPage.java:56)\r\n\tat dsAlgo_StepDefinition.HStackPage_SD.the_user_enter_python_code_with_invalid_syntax_in_try_editor_from_sheet_and(HStackPage_SD.java:92)\r\n\tat ✽.The user enter python code with invalid syntax in stack tryEditor from sheet \"array\" and 1(file:///C:/Users/subas/git/DS-Algo/Z_DS-Algo_BDD_change2/src/test/resources/Features/HStackPage.feature:39)\r\n"},"stage":"finished","steps":[{"name":"Given  The user is in a \"Operations in Stack\" stack page having an tryEditor with a Run button to test","status":"passed","statusDetails":{"known":false,"muted":false,"flaky":false},"stage":"finished","steps":[],"attachments":[],"parameters":[],"start":1688957519709,"stop":1688957524366},{"name":"When  The user enter python code with invalid syntax in stack tryEditor from sheet \"array\" and 1","status":"broken","statusDetails":{"known":false,"muted":false,"flaky":false,"message":"Expected condition failed: waiting for visibility of [[ChromeDriver: chrome on windows (b7af453353eee29190c104a28f1166af)] -> xpath: //*[@id='answer_form']/div/div/div[1]/textarea] (tried for 5 second(s) with 500 milliseconds interval)\nBuild info: version: '4.9.1', revision: 'eb2032df7f'\nSystem info: os.name: 'Windows 11', os.arch: 'amd64', os.version: '10.0', java.version: '11.0.17'\nDriver info: org.openqa.selenium.chrome.ChromeDriver\nCapabilities {acceptInsecureCerts: false, browserName: chrome, browserVersion: 114.0.5735.199, chrome: {chromedriverVersion: 114.0.5735.90 (386bc09e8f4f..., userDataDir: C:\\Users\\subas\\AppData\\Loca...}, goog:chromeOptions: {debuggerAddress: localhost:61558}, networkConnectionEnabled: false, pageLoadStrategy: normal, platformName: windows, proxy: Proxy(), se:cdp: ws://localhost:61558/devtoo..., se:cdpVersion: 114.0.5735.199, setWindowRect: true, strictFileInteractability: false, timeouts: {implicit: 0, pageLoad: 300000, script: 30000}, unhandledPromptBehavior: dismiss and notify, webauthn:extension:credBlob: true, webauthn:extension:largeBlob: true, webauthn:extension:minPinLength: true, webauthn:extension:prf: true, webauthn:virtualAuthenticators: true}\nSession ID: b7af453353eee29190c104a28f1166af","trace":"org.openqa.selenium.TimeoutException: Expected condition failed: waiting for visibility of [[ChromeDriver: chrome on windows (b7af453353eee29190c104a28f1166af)] -> xpath: //*[@id='answer_form']/div/div/div[1]/textarea] (tried for 5 second(s) with 500 milliseconds interval)\nBuild info: version: '4.9.1', revision: 'eb2032df7f'\nSystem info: os.name: 'Windows 11', os.arch: 'amd64', os.version: '10.0', java.version: '11.0.17'\nDriver info: org.openqa.selenium.chrome.ChromeDriver\nCapabilities {acceptInsecureCerts: false, browserName: chrome, browserVersion: 114.0.5735.199, chrome: {chromedriverVersion: 114.0.5735.90 (386bc09e8f4f..., userDataDir: C:\\Users\\subas\\AppData\\Loca...}, goog:chromeOptions: {debuggerAddress: localhost:61558}, networkConnectionEnabled: false, pageLoadStrategy: normal, platformName: windows, proxy: Proxy(), se:cdp: ws://localhost:61558/devtoo..., se:cdpVersion: 114.0.5735.199, setWindowRect: true, strictFileInteractability: false, timeouts: {implicit: 0, pageLoad: 300000, script: 30000}, unhandledPromptBehavior: dismiss and notify, webauthn:extension:credBlob: true, webauthn:extension:largeBlob: true, webauthn:extension:minPinLength: true, webauthn:extension:prf: true, webauthn:virtualAuthenticators: true}\nSession ID: b7af453353eee29190c104a28f1166af\r\n\tat org.openqa.selenium.support.ui.WebDriverWait.timeoutException(WebDriverWait.java:87)\r\n\tat org.openqa.selenium.support.ui.FluentWait.until(FluentWait.java:231)\r\n\tat dsAlgo_Utilities.PageUtils.implicit_wait(PageUtils.java:31)\r\n\tat dsAlgo_Utilities.PageUtils.entercode(PageUtils.java:43)\r\n\tat dsAlgo_PageObject.HStackPage.enter_code(HStackPage.java:56)\r\n\tat dsAlgo_StepDefinition.HStackPage_SD.the_user_enter_python_code_with_invalid_syntax_in_try_editor_from_sheet_and(HStackPage_SD.java:92)\r\n\tat ✽.The user enter python code with invalid syntax in stack tryEditor from sheet \"array\" and 1(file:///C:/Users/subas/git/DS-Algo/Z_DS-Algo_BDD_change2/src/test/resources/Features/HStackPage.feature:39)\r\n"},"stage":"finished","steps":[],"attachments":[],"parameters":[],"start":1688957524369,"stop":1688957529692},{"name":"And  The user clicks on stack run button","status":"skipped","statusDetails":{"known":false,"muted":false,"flaky":false},"stage":"finished","steps":[],"attachments":[],"parameters":[],"start":1688957529934,"stop":1688957529935},{"name":"Then  The user should be presented with error message in stack page","status":"skipped","statusDetails":{"known":false,"muted":false,"flaky":false},"stage":"finished","steps":[],"attachments":[],"parameters":[],"start":1688957529935,"stop":1688957529935}],"attachments":[],"parameters":[{"name":"options","value":"Operations in Stack"},{"name":"Sheetname","value":"array"},{"name":"RowNumber","value":"1"}],"start":1688957519708,"stop":1688957529936}